{"docName":"06-Brownjohn","path":"~/Documents/College/6%20Fall%202013/Pieces/Mocks/06-Brownjohn","relativeImagePath":"images","imagePath":"~/Documents/College/6%20Fall%202013/Pieces/Mocks/06-Brownjohn/images","framerPath":"~/Documents/College/6%20Fall%202013/Pieces/Mocks/06-Brownjohn/framer","viewInfoPath":"~/Documents/College/6%20Fall%202013/Pieces/Mocks/06-Brownjohn/framer/views.06-Brownjohn.js","logPaths":["/tmp/framerps.log","~/Documents/College/6%20Fall%202013/Pieces/Mocks/06-Brownjohn/framer/framerps.log"]}

Running for ~/Documents/College/6%20Fall%202013/Pieces/Mocks/06-Brownjohn
Container-scroll: Calculating vector mask bounds
text-scroll-32-2-20-2: Calculating vector mask bounds
PROGRESS: 3.6697247706422
PROGRESS: 5.04587155963303
PROGRESS: 5.04587155963303
text-scroll-32-2-19-2: Calculating vector mask bounds
PROGRESS: 6.88073394495413
PROGRESS: 8.25688073394496
PROGRESS: 8.25688073394496
text-scroll-32-2-18-2: Calculating vector mask bounds
PROGRESS: 10.0917431192661
PROGRESS: 11.4678899082569
PROGRESS: 11.4678899082569
text-scroll-32-2-17-2: Calculating vector mask bounds
PROGRESS: 13.302752293578
PROGRESS: 14.6788990825688
PROGRESS: 14.6788990825688
PROGRESS: 14.6788990825688
text-scroll-32-2-16-2: Calculating vector mask bounds
PROGRESS: 17.4311926605505
PROGRESS: 18.8073394495413
PROGRESS: 18.8073394495413
text-scroll-32-2-15-2: Calculating vector mask bounds
PROGRESS: 20.6422018348624
PROGRESS: 22.0183486238532
PROGRESS: 22.0183486238532
text-scroll-32-2-14-2: Calculating vector mask bounds
PROGRESS: 23.8532110091743
PROGRESS: 25.2293577981651
PROGRESS: 25.2293577981651
text-scroll-32-2-13-2: Calculating vector mask bounds
PROGRESS: 27.0642201834862
PROGRESS: 28.4403669724771
PROGRESS: 28.4403669724771
PROGRESS: 28.4403669724771
text-scroll-32-2-20: Calculating vector mask bounds
PROGRESS: 31.1926605504587
PROGRESS: 32.5688073394495
PROGRESS: 32.5688073394495
text-scroll-32-2-19: Calculating vector mask bounds
PROGRESS: 34.4036697247706
PROGRESS: 35.7798165137615
PROGRESS: 35.7798165137615
text-scroll-32-2-18: Calculating vector mask bounds
PROGRESS: 37.6146788990826
PROGRESS: 38.9908256880734
PROGRESS: 38.9908256880734
text-scroll-32-2-17: Calculating vector mask bounds
PROGRESS: 40.8256880733945
PROGRESS: 42.2018348623853
PROGRESS: 42.2018348623853
PROGRESS: 42.2018348623853
text-scroll-32-2-16: Calculating vector mask bounds
PROGRESS: 44.954128440367
PROGRESS: 46.3302752293578
PROGRESS: 46.3302752293578
text-scroll-32-2-15: Calculating vector mask bounds
PROGRESS: 48.1651376146789
PROGRESS: 49.5412844036697
PROGRESS: 49.5412844036697
text-scroll-32-2-14: Calculating vector mask bounds
PROGRESS: 51.3761467889908
PROGRESS: 52.7522935779816
PROGRESS: 52.7522935779816
text-scroll-32-2-13: Calculating vector mask bounds
PROGRESS: 54.5871559633027
PROGRESS: 55.9633027522936
PROGRESS: 55.9633027522936
PROGRESS: 55.9633027522936
text-scroll-32-2-12: Calculating vector mask bounds
PROGRESS: 58.7155963302752
PROGRESS: 60.091743119266
PROGRESS: 60.091743119266
text-scroll-32-2-11: Calculating vector mask bounds
PROGRESS: 61.9266055045872
PROGRESS: 63.302752293578
PROGRESS: 63.302752293578
text-scroll-32-2-10: Calculating vector mask bounds
PROGRESS: 65.1376146788991
PROGRESS: 66.5137614678899
PROGRESS: 66.5137614678899
text-scroll-32-2-9: Calculating vector mask bounds
PROGRESS: 68.348623853211
PROGRESS: 69.7247706422018
PROGRESS: 69.7247706422018
PROGRESS: 69.7247706422018
text-scroll-32-2-8: Calculating vector mask bounds
PROGRESS: 72.4770642201835
PROGRESS: 73.8532110091743
PROGRESS: 73.8532110091743
text-scroll-32-2-7: Calculating vector mask bounds
PROGRESS: 75.6880733944954
PROGRESS: 77.0642201834862
PROGRESS: 77.0642201834862
text-scroll-32-2-6: Calculating vector mask bounds
PROGRESS: 78.8990825688073
PROGRESS: 80.2752293577982
PROGRESS: 80.2752293577982
text-scroll-32-2-5: Calculating vector mask bounds
PROGRESS: 82.1100917431193
PROGRESS: 83.4862385321101
PROGRESS: 83.4862385321101
PROGRESS: 83.4862385321101
text-scroll-32-2-4: Calculating vector mask bounds
PROGRESS: 86.2385321100918
PROGRESS: 87.6146788990826
PROGRESS: 87.6146788990826
text-scroll-32-2-3: Calculating vector mask bounds
PROGRESS: 89.4495412844037
PROGRESS: 90.8256880733945
PROGRESS: 90.8256880733945
text-scroll-32-2-2: Calculating vector mask bounds
PROGRESS: 92.6605504587156
PROGRESS: 94.0366972477064
PROGRESS: 94.0366972477064
text-scroll-32-2: Calculating vector mask bounds
PROGRESS: 95.8715596330275
PROGRESS: 97.2477064220184
PROGRESS: 97.2477064220184
PROGRESS: 97.2477064220184
PROGRESS: 97.2477064220184
PROGRESS: 98.1651376146789
93 views changed
Skipping ~/Documents/College/6%20Fall%202013/Pieces/Mocks/06-Brownjohn/index.html (exists)
Skipping ~/Documents/College/6%20Fall%202013/Pieces/Mocks/06-Brownjohn/app.js (exists)
Skipping ~/Documents/College/6%20Fall%202013/Pieces/Mocks/06-Brownjohn/framer/framer.js (exists)
Skipping ~/Documents/College/6%20Fall%202013/Pieces/Mocks/06-Brownjohn/framer/framerps.js (exists)

SUCCESS: ~/Documents/College/6 Fall 2013/Pieces/Mocks/06-Brownjohn
